==56634== Memcheck, a memory error detector
==56634== Copyright (C) 2002-2017, and GNU GPL'd, by Julian Seward et al.
==56634== Using Valgrind-3.15.0-608cb11914-20190413 and LibVEX; rerun with -h for copyright info
==56634== Command: ./bin/minishell
==56634== Parent PID: 2964
==56634== 
--56634-- 
--56634-- Valgrind options:
--56634--    --suppressions=valgrind_ignore.txt
--56634--    --leak-check=full
--56634--    --show-leak-kinds=all
--56634--    --show-reachable=no
--56634--    --track-origins=yes
--56634--    --verbose
--56634--    --log-file=valgrind.log
--56634-- Contents of /proc/version:
--56634--   Linux version 5.13.0-48-generic (buildd@lcy02-amd64-040) (gcc (Ubuntu 9.4.0-1ubuntu1~20.04.1) 9.4.0, GNU ld (GNU Binutils for Ubuntu) 2.34) #54~20.04.1-Ubuntu SMP Thu Jun 2 23:37:17 UTC 2022
--56634-- 
--56634-- Arch and hwcaps: AMD64, LittleEndian, amd64-cx16-lzcnt-rdtscp-sse3-ssse3-avx-avx2-bmi-f16c-rdrand
--56634-- Page sizes: currently 4096, max supported 4096
--56634-- Valgrind library directory: /usr/lib/x86_64-linux-gnu/valgrind
--56634-- Reading syms from /home/florian/Github/42/minishell/bin/minishell
--56634-- Reading syms from /usr/lib/x86_64-linux-gnu/ld-2.31.so
--56634--   Considering /usr/lib/debug/.build-id/45/87364908de169dec62ffa538170118c1c3a078.debug ..
--56634--   .. build-id is valid
--56634-- Reading syms from /usr/lib/x86_64-linux-gnu/valgrind/memcheck-amd64-linux
--56634--    object doesn't have a symbol table
--56634--    object doesn't have a dynamic symbol table
--56634-- Scheduler: using generic scheduler lock implementation.
--56634-- Reading suppressions file: valgrind_ignore.txt
--56634-- Reading suppressions file: /usr/lib/x86_64-linux-gnu/valgrind/default.supp
==56634== embedded gdbserver: reading from /tmp/vgdb-pipe-from-vgdb-to-56634-by-florian-on-???
==56634== embedded gdbserver: writing to   /tmp/vgdb-pipe-to-vgdb-from-56634-by-florian-on-???
==56634== embedded gdbserver: shared mem   /tmp/vgdb-pipe-shared-mem-vgdb-56634-by-florian-on-???
==56634== 
==56634== TO CONTROL THIS PROCESS USING vgdb (which you probably
==56634== don't want to do, unless you know exactly what you're doing,
==56634== or are doing some strange experiment):
==56634==   /usr/lib/x86_64-linux-gnu/valgrind/../../bin/vgdb --pid=56634 ...command...
==56634== 
==56634== TO DEBUG THIS PROCESS USING GDB: start GDB like this
==56634==   /path/to/gdb ./bin/minishell
==56634== and then give GDB the following command
==56634==   target remote | /usr/lib/x86_64-linux-gnu/valgrind/../../bin/vgdb --pid=56634
==56634== --pid is optional if only one valgrind process is running
==56634== 
--56634-- REDIR: 0x4022e20 (ld-linux-x86-64.so.2:strlen) redirected to 0x580c9ce2 (???)
--56634-- REDIR: 0x4022bf0 (ld-linux-x86-64.so.2:index) redirected to 0x580c9cfc (???)
--56634-- Reading syms from /usr/lib/x86_64-linux-gnu/valgrind/vgpreload_core-amd64-linux.so
--56634--    object doesn't have a symbol table
--56634-- Reading syms from /usr/lib/x86_64-linux-gnu/valgrind/vgpreload_memcheck-amd64-linux.so
--56634--    object doesn't have a symbol table
==56634== WARNING: new redirection conflicts with existing -- ignoring it
--56634--     old: 0x04022e20 (strlen              ) R-> (0000.0) 0x580c9ce2 ???
--56634--     new: 0x04022e20 (strlen              ) R-> (2007.0) 0x0483f060 strlen
--56634-- REDIR: 0x401f600 (ld-linux-x86-64.so.2:strcmp) redirected to 0x483ffd0 (strcmp)
--56634-- REDIR: 0x4023380 (ld-linux-x86-64.so.2:mempcpy) redirected to 0x4843a20 (mempcpy)
--56634-- Reading syms from /usr/lib/x86_64-linux-gnu/libreadline.so.8.0
--56634--    object doesn't have a symbol table
--56634-- Reading syms from /usr/lib/x86_64-linux-gnu/libc-2.31.so
--56634--   Considering /usr/lib/debug/.build-id/18/78e6b475720c7c51969e69ab2d276fae6d1dee.debug ..
--56634--   .. build-id is valid
--56634-- Reading syms from /usr/lib/x86_64-linux-gnu/libtinfo.so.6.2
--56634--    object doesn't have a symbol table
--56634-- REDIR: 0x4952480 (libc.so.6:memmove) redirected to 0x48311d0 (_vgnU_ifunc_wrapper)
--56634-- REDIR: 0x4951780 (libc.so.6:strncpy) redirected to 0x48311d0 (_vgnU_ifunc_wrapper)
--56634-- REDIR: 0x49527b0 (libc.so.6:strcasecmp) redirected to 0x48311d0 (_vgnU_ifunc_wrapper)
--56634-- REDIR: 0x49510a0 (libc.so.6:strcat) redirected to 0x48311d0 (_vgnU_ifunc_wrapper)
--56634-- REDIR: 0x49517e0 (libc.so.6:rindex) redirected to 0x48311d0 (_vgnU_ifunc_wrapper)
--56634-- REDIR: 0x4953c50 (libc.so.6:rawmemchr) redirected to 0x48311d0 (_vgnU_ifunc_wrapper)
--56634-- REDIR: 0x496ece0 (libc.so.6:wmemchr) redirected to 0x48311d0 (_vgnU_ifunc_wrapper)
--56634-- REDIR: 0x496e820 (libc.so.6:wcscmp) redirected to 0x48311d0 (_vgnU_ifunc_wrapper)
--56634-- REDIR: 0x49525e0 (libc.so.6:mempcpy) redirected to 0x48311d0 (_vgnU_ifunc_wrapper)
--56634-- REDIR: 0x4952410 (libc.so.6:bcmp) redirected to 0x48311d0 (_vgnU_ifunc_wrapper)
--56634-- REDIR: 0x4951710 (libc.so.6:strncmp) redirected to 0x48311d0 (_vgnU_ifunc_wrapper)
--56634-- REDIR: 0x4951150 (libc.so.6:strcmp) redirected to 0x48311d0 (_vgnU_ifunc_wrapper)
--56634-- REDIR: 0x4952540 (libc.so.6:memset) redirected to 0x48311d0 (_vgnU_ifunc_wrapper)
--56634-- REDIR: 0x496e7e0 (libc.so.6:wcschr) redirected to 0x48311d0 (_vgnU_ifunc_wrapper)
--56634-- REDIR: 0x4951670 (libc.so.6:strnlen) redirected to 0x48311d0 (_vgnU_ifunc_wrapper)
--56634-- REDIR: 0x4951230 (libc.so.6:strcspn) redirected to 0x48311d0 (_vgnU_ifunc_wrapper)
--56634-- REDIR: 0x4952800 (libc.so.6:strncasecmp) redirected to 0x48311d0 (_vgnU_ifunc_wrapper)
--56634-- REDIR: 0x49511d0 (libc.so.6:strcpy) redirected to 0x48311d0 (_vgnU_ifunc_wrapper)
--56634-- REDIR: 0x4952950 (libc.so.6:memcpy@@GLIBC_2.14) redirected to 0x48311d0 (_vgnU_ifunc_wrapper)
--56634-- REDIR: 0x496ff50 (libc.so.6:wcsnlen) redirected to 0x48311d0 (_vgnU_ifunc_wrapper)
--56634-- REDIR: 0x496e860 (libc.so.6:wcscpy) redirected to 0x48311d0 (_vgnU_ifunc_wrapper)
--56634-- REDIR: 0x4951820 (libc.so.6:strpbrk) redirected to 0x48311d0 (_vgnU_ifunc_wrapper)
--56634-- REDIR: 0x4951100 (libc.so.6:index) redirected to 0x48311d0 (_vgnU_ifunc_wrapper)
--56634-- REDIR: 0x4951630 (libc.so.6:strlen) redirected to 0x48311d0 (_vgnU_ifunc_wrapper)
--56634-- REDIR: 0x495abb0 (libc.so.6:memrchr) redirected to 0x48311d0 (_vgnU_ifunc_wrapper)
--56634-- REDIR: 0x4952850 (libc.so.6:strcasecmp_l) redirected to 0x48311d0 (_vgnU_ifunc_wrapper)
--56634-- REDIR: 0x49523d0 (libc.so.6:memchr) redirected to 0x48311d0 (_vgnU_ifunc_wrapper)
--56634-- REDIR: 0x496e930 (libc.so.6:wcslen) redirected to 0x48311d0 (_vgnU_ifunc_wrapper)
--56634-- REDIR: 0x4951ae0 (libc.so.6:strspn) redirected to 0x48311d0 (_vgnU_ifunc_wrapper)
--56634-- REDIR: 0x4952750 (libc.so.6:stpncpy) redirected to 0x48311d0 (_vgnU_ifunc_wrapper)
--56634-- REDIR: 0x49526f0 (libc.so.6:stpcpy) redirected to 0x48311d0 (_vgnU_ifunc_wrapper)
--56634-- REDIR: 0x4953c90 (libc.so.6:strchrnul) redirected to 0x48311d0 (_vgnU_ifunc_wrapper)
--56634-- REDIR: 0x49528a0 (libc.so.6:strncasecmp_l) redirected to 0x48311d0 (_vgnU_ifunc_wrapper)
--56634-- REDIR: 0x49516b0 (libc.so.6:strncat) redirected to 0x48311d0 (_vgnU_ifunc_wrapper)
--56634-- REDIR: 0x49df850 (libc.so.6:__memcpy_chk) redirected to 0x48311d0 (_vgnU_ifunc_wrapper)
--56634-- REDIR: 0x49522f0 (libc.so.6:strstr) redirected to 0x48311d0 (_vgnU_ifunc_wrapper)
--56634-- REDIR: 0x4a3a500 (libc.so.6:__strrchr_avx2) redirected to 0x483ea10 (rindex)
--56634-- REDIR: 0x494c0e0 (libc.so.6:malloc) redirected to 0x483b780 (malloc)
--56634-- REDIR: 0x494c6d0 (libc.so.6:free) redirected to 0x483c9d0 (free)
--56634-- REDIR: 0x4a3a6d0 (libc.so.6:__strlen_avx2) redirected to 0x483ef40 (strlen)
--56634-- REDIR: 0x4a3bc10 (libc.so.6:__strcpy_avx2) redirected to 0x483f090 (strcpy)
--56634-- REDIR: 0x4a3a310 (libc.so.6:__strchrnul_avx2) redirected to 0x4843540 (strchrnul)
--56634-- REDIR: 0x48f84f0 (libc.so.6:setenv) redirected to 0x4844480 (setenv)
--56634-- REDIR: 0x4a3a0e0 (libc.so.6:__strchr_avx2) redirected to 0x483ebf0 (index)
--56634-- REDIR: 0x4a36010 (libc.so.6:__strncmp_avx2) redirected to 0x483f670 (strncmp)
--56634-- REDIR: 0x494ce80 (libc.so.6:realloc) redirected to 0x483df30 (realloc)
--56634-- REDIR: 0x4a3d6e0 (libc.so.6:__memcpy_avx_unaligned_erms) redirected to 0x48429f0 (memmove)
--56634-- REDIR: 0x4a3d6c0 (libc.so.6:__mempcpy_avx_unaligned_erms) redirected to 0x4843660 (mempcpy)
--56634-- REDIR: 0x4a35bd0 (libc.so.6:__strcmp_avx2) redirected to 0x483fed0 (strcmp)
--56634-- REDIR: 0x494db10 (libc.so.6:calloc) redirected to 0x483dce0 (calloc)
--56634-- REDIR: 0x4a3a870 (libc.so.6:__strnlen_avx2) redirected to 0x483eee0 (strnlen)
--56634-- REDIR: 0x4951fa0 (libc.so.6:__GI_strstr) redirected to 0x4843ca0 (__strstr_sse2)
--56634-- REDIR: 0x4a3d6d0 (libc.so.6:__memcpy_chk_avx_unaligned_erms) redirected to 0x4843b10 (__memcpy_chk)
--56634-- REDIR: 0x4a3bfa0 (libc.so.6:__strncpy_avx2) redirected to 0x483f230 (strncpy)
--56634-- REDIR: 0x4a36530 (libc.so.6:__memchr_avx2) redirected to 0x4840050 (memchr)
--56634-- REDIR: 0x4a3c900 (libc.so.6:__stpcpy_avx2) redirected to 0x4842300 (stpcpy)
--56634-- REDIR: 0x4a370a0 (libc.so.6:__strcasecmp_avx) redirected to 0x483f830 (strcasecmp)
--56634-- REDIR: 0x4a38720 (libc.so.6:__strncasecmp_avx) redirected to 0x483f910 (strncasecmp)
--56634-- REDIR: 0x4a3db60 (libc.so.6:__memset_avx2_unaligned_erms) redirected to 0x48428e0 (memset)
--56634-- REDIR: 0x4a36cc0 (libc.so.6:__memcmp_avx2_movbe) redirected to 0x48421e0 (bcmp)
==56634== Invalid free() / delete / delete[] / realloc()
==56634==    at 0x483CA3F: free (in /usr/lib/x86_64-linux-gnu/valgrind/vgpreload_memcheck-amd64-linux.so)
==56634==    by 0x403444: cd_builtin (cd_builtin.c:71)
==56634==    by 0x402CA0: is_cd (builtin_manager.c:32)
==56634==    by 0x401323: main (minishell.c:54)
==56634==  Address 0x4b26290 is 0 bytes inside a block of size 34 free'd
==56634==    at 0x483CA3F: free (in /usr/lib/x86_64-linux-gnu/valgrind/vgpreload_memcheck-amd64-linux.so)
==56634==    by 0x403476: cd_builtin (cd_builtin.c:78)
==56634==    by 0x402CA0: is_cd (builtin_manager.c:32)
==56634==    by 0x401323: main (minishell.c:54)
==56634==  Block was alloc'd at
==56634==    at 0x483B7F3: malloc (in /usr/lib/x86_64-linux-gnu/valgrind/vgpreload_memcheck-amd64-linux.so)
==56634==    by 0x4054A0: ft_strdup (ft_strdup.c:22)
==56634==    by 0x40326E: cd_builtin (cd_builtin.c:35)
==56634==    by 0x402CA0: is_cd (builtin_manager.c:32)
==56634==    by 0x401323: main (minishell.c:54)
==56634== 
==56634== Syscall param chdir(path) points to unaddressable byte(s)
==56634==    at 0x49C0A1B: chdir (syscall-template.S:78)
==56634==    by 0x4033A1: cd_builtin (cd_builtin.c:58)
==56634==    by 0x402CA0: is_cd (builtin_manager.c:32)
==56634==    by 0x401323: main (minishell.c:54)
==56634==  Address 0x4b36a30 is 0 bytes inside a block of size 34 free'd
==56634==    at 0x483CA3F: free (in /usr/lib/x86_64-linux-gnu/valgrind/vgpreload_memcheck-amd64-linux.so)
==56634==    by 0x403476: cd_builtin (cd_builtin.c:78)
==56634==    by 0x402CA0: is_cd (builtin_manager.c:32)
==56634==    by 0x401323: main (minishell.c:54)
==56634==  Block was alloc'd at
==56634==    at 0x483B7F3: malloc (in /usr/lib/x86_64-linux-gnu/valgrind/vgpreload_memcheck-amd64-linux.so)
==56634==    by 0x4054A0: ft_strdup (ft_strdup.c:22)
==56634==    by 0x40326E: cd_builtin (cd_builtin.c:35)
==56634==    by 0x402CA0: is_cd (builtin_manager.c:32)
==56634==    by 0x401323: main (minishell.c:54)
==56634== 
==56634== 
==56634== HEAP SUMMARY:
==56634==     in use at exit: 204,778 bytes in 232 blocks
==56634==   total heap usage: 2,353 allocs, 2,124 frees, 297,290 bytes allocated
==56634== 
==56634== Searching for pointers to 232 not-freed blocks
==56634== Checked 208,072 bytes
==56634== 
==56634== 15 bytes in 5 blocks are definitely lost in loss record 9 of 62
==56634==    at 0x483B7F3: malloc (in /usr/lib/x86_64-linux-gnu/valgrind/vgpreload_memcheck-amd64-linux.so)
==56634==    by 0x4054A0: ft_strdup (ft_strdup.c:22)
==56634==    by 0x4023F5: set_error_env (set_error_env.c:26)
==56634==    by 0x4012C7: main (minishell.c:46)
==56634== 
==56634== LEAK SUMMARY:
==56634==    definitely lost: 15 bytes in 5 blocks
==56634==    indirectly lost: 0 bytes in 0 blocks
==56634==      possibly lost: 0 bytes in 0 blocks
==56634==    still reachable: 0 bytes in 0 blocks
==56634==         suppressed: 204,763 bytes in 227 blocks
==56634== 
==56634== ERROR SUMMARY: 5 errors from 3 contexts (suppressed: 0 from 0)
==56634== 
==56634== 1 errors in context 1 of 3:
==56634== Syscall param chdir(path) points to unaddressable byte(s)
==56634==    at 0x49C0A1B: chdir (syscall-template.S:78)
==56634==    by 0x4033A1: cd_builtin (cd_builtin.c:58)
==56634==    by 0x402CA0: is_cd (builtin_manager.c:32)
==56634==    by 0x401323: main (minishell.c:54)
==56634==  Address 0x4b36a30 is 0 bytes inside a block of size 34 free'd
==56634==    at 0x483CA3F: free (in /usr/lib/x86_64-linux-gnu/valgrind/vgpreload_memcheck-amd64-linux.so)
==56634==    by 0x403476: cd_builtin (cd_builtin.c:78)
==56634==    by 0x402CA0: is_cd (builtin_manager.c:32)
==56634==    by 0x401323: main (minishell.c:54)
==56634==  Block was alloc'd at
==56634==    at 0x483B7F3: malloc (in /usr/lib/x86_64-linux-gnu/valgrind/vgpreload_memcheck-amd64-linux.so)
==56634==    by 0x4054A0: ft_strdup (ft_strdup.c:22)
==56634==    by 0x40326E: cd_builtin (cd_builtin.c:35)
==56634==    by 0x402CA0: is_cd (builtin_manager.c:32)
==56634==    by 0x401323: main (minishell.c:54)
==56634== 
==56634== 
==56634== 3 errors in context 2 of 3:
==56634== Invalid free() / delete / delete[] / realloc()
==56634==    at 0x483CA3F: free (in /usr/lib/x86_64-linux-gnu/valgrind/vgpreload_memcheck-amd64-linux.so)
==56634==    by 0x403444: cd_builtin (cd_builtin.c:71)
==56634==    by 0x402CA0: is_cd (builtin_manager.c:32)
==56634==    by 0x401323: main (minishell.c:54)
==56634==  Address 0x4b26290 is 0 bytes inside a block of size 34 free'd
==56634==    at 0x483CA3F: free (in /usr/lib/x86_64-linux-gnu/valgrind/vgpreload_memcheck-amd64-linux.so)
==56634==    by 0x403476: cd_builtin (cd_builtin.c:78)
==56634==    by 0x402CA0: is_cd (builtin_manager.c:32)
==56634==    by 0x401323: main (minishell.c:54)
==56634==  Block was alloc'd at
==56634==    at 0x483B7F3: malloc (in /usr/lib/x86_64-linux-gnu/valgrind/vgpreload_memcheck-amd64-linux.so)
==56634==    by 0x4054A0: ft_strdup (ft_strdup.c:22)
==56634==    by 0x40326E: cd_builtin (cd_builtin.c:35)
==56634==    by 0x402CA0: is_cd (builtin_manager.c:32)
==56634==    by 0x401323: main (minishell.c:54)
==56634== 
--56634-- 
--56634-- used_suppression:     57 leak readline valgrind_ignore.txt:2 suppressed: 200,578 bytes in 214 blocks
--56634-- used_suppression:      4 leak add_history valgrind_ignore.txt:8 suppressed: 4,185 bytes in 13 blocks
==56634== 
==56634== ERROR SUMMARY: 5 errors from 3 contexts (suppressed: 0 from 0)
